[Strings]
AppID={30D551E1-DD35-11D6-939D-801D5EC10000}
1=Uninstall IPI2win
2=Installation package not found in selected folder.
10=Removing file %s
11=Removing registry entry %s
12=Removing registry key %s
13=Removing ini parameter from file %s
14=Removing shortcut %s
15=Removing folder %s
16=Unregistering server %s
17=Unregistering font %s
18=Checking shared file %s
19=Removing assembly %s
20=Removing environment variable %s

[Display]
Charset=0
ForceRemoveDataFiles=
DialogFont=
TitleFont=
SubtitleFont=
ProgressColor=

[Dialog.DLG_START]
Caption=Uninstall Program for IPI2win
101=< Back
102=Next >
103=Cancel
104=Ghost Installer Maintenance mode
105=Please select one of the following options below.
106=Uninstall IPI2win
107=Repair IPI2win
109=Select this option to remove IPI2win and all its components from your computer.
110=Select this option to repair IPI2win. This option will reinstall the program with exactly the same components that were installed first time.

[Dialog.DLG_BEFOREUNINSTALL]
Caption=Uninstall Program for IPI2win
Title=Uninstall for IPI2win
Subtitle=This program will remove IPI2win and all its components from this computer.
101=< Back
102=Next >
103=Cancel
104=Are you sure you want to completely remove the IPI2win and all its components from your computer?||||To confirm the removal process press Next button.||||WARNING!  Be careful the uninstaller may also delete IPI2win settings and data directories. Please backup the data which is stored in subdirectories of IPI2win.
105=Remove data files and folders created by IPI2win

[Dialog.DLG_UNINSTALL]
Caption=Uninstall Program for IPI2win
Title=Uninstall Progress
Subtitle=
101=< Back
102=Next >
103=Cancel
104=Uninstall actions proceeded:
200=Preparing uninstall
201=Uninstalling shortcuts
202=Uninstalling registry entries
203=Unregistering fonts
204=Unregistering COM servers
205=Removing files and folders
206=Finishing uninstall

[Dialog.DLG_UNINSTALLSUCCEEDED]
Caption=Uninstall Program for IPI2win
Title=Uninstall Succeeded
Subtitle=
102=Finish
104=Ghost Installer successfully removed IPI2win and all its components from your computer.||||||Click on the Finish dialog button to exit the uninstallation process.

[Dialog.DLG_BEFOREREPAIR]
Caption=Uninstall Program for IPI2win
Title=Repair for IPI2win
Subtitle=This program will try to repair IPI2win.
101=< Back
102=Next >
103=Cancel
104=To confirm the repair process press Next button.||||ATTENTION!  Be careful the repair process may also reset IPI2win settings. Please backup the data which is stored in subdirectories of IPI2win.

[Dialog.DLG_BROWSEFORSETUP]
Caption=Uninstall Program for IPI2win
Title=Browse for Packages
Subtitle=
101=< Back
102=Next >
103=Cancel
104=Ghost Installer Maintenance could not locate installation package for IPI2win. This package is required to repair your application. Please specify a location for this package.
105=Search for package in:
107=Browse...
200=Browse for Packages
201=Select folder with installation package.

[Dialog.DLG_DELSHARED]
Caption=Remove shared file?
101=The system indicates that the following shared file is no longer used by any programs.  If any programs are still using this file and it is removed, those programs may not function.  Are you sure you want to remove the shared file?||||Leaving this file will not harm your system.  If you are not sure what to do, it is suggested that you choose not to remove this shared component.
103=File name:
105=Located in:
107=Yes
108=Yes to all
109=No
110=No to all

[Dialog.DLG_REBOOT]
Caption=Uninstall Program for IPI2win
Title=Computer Restart
Subtitle=Uninstallation procedure needs to restart your system to remove application completely.
101=< Back
102=Next >
103=Cancel
104=Some components were not removed completely. For finishing uninstallation it is necessary to reboot your computer.
105=Yes, reboot my computer now
106=No, I'll reboot my computer later

[CreateKeys]
HKLM\SOFTWARE\Microsoft\Windows\CurrentVersion\Uninstall\{30D551E1-DD35-11D6-939D-801D5EC10000}=

[CreateDirs]
C:\Program Files (x86)\ipi2win=
C:\Program Files (x86)\ipi2win\DTG=
C:\Users\Kappa\AppData\Roaming\Microsoft\Windows\Start Menu\Programs\IPI2win=

[CopyFiles]
C:\Program Files (x86)\ipi2win\ipi2win.ini=
C:\Program Files (x86)\ipi2win\test_ipi.DAT=
C:\Program Files (x86)\ipi2win\test_ipi.DPR=
C:\Program Files (x86)\ipi2win\IPI_GATE.EXE=
C:\Program Files (x86)\ipi2win\ENGL_GAT.HEL=
C:\Program Files (x86)\ipi2win\ENGL7.HEL=
C:\Program Files (x86)\ipi2win\ipi.ico=
C:\Program Files (x86)\ipi2win\ipi_gate.ico=
C:\Program Files (x86)\ipi2win\IPI4WIN.HLP=
C:\Program Files (x86)\ipi2win\RUS_GATE.HEL=
C:\Program Files (x86)\ipi2win\ENGL.INF=
C:\Program Files (x86)\ipi2win\ENGL.MSG=
C:\Program Files (x86)\ipi2win\ENGL_GAT.MNU=
C:\Program Files (x86)\ipi2win\ENGL7.MNU=
C:\Program Files (x86)\ipi2win\IPI.PIF=
C:\Program Files (x86)\ipi2win\IPI_gate.PIF=
C:\Program Files (x86)\ipi2win\test_ipi.RES=
C:\Program Files (x86)\ipi2win\ENGL.CMD=
C:\Program Files (x86)\ipi2win\Ipi2win.exe=
C:\Program Files (x86)\ipi2win\IPI_res3.exe=
C:\Program Files (x86)\ipi2win\IPI_RES3.GID=
C:\Program Files (x86)\ipi2win\IPI_RES3.HLP=
C:\Program Files (x86)\ipi2win\res3.ini=
C:\Program Files (x86)\ipi2win\rus_w.msg=
C:\Program Files (x86)\ipi2win\wipi_en.pdf=
C:\Program Files (x86)\ipi2win\IPI2E_V.HLP=
C:\Program Files (x86)\ipi2win\ipi2e_v.cnt=
C:\Program Files (x86)\ipi2win\ipi2e_v.GID=
C:\Program Files (x86)\ipi2win\WhatsNew.txt=
C:\Program Files (x86)\ipi2win\DTG\WEST.ROK=
C:\Program Files (x86)\ipi2win\DTG\DEM_DU.DTG=
C:\Program Files (x86)\ipi2win\DTG\DEM_DUI.DTG=
C:\Program Files (x86)\ipi2win\DTG\DEM_ROK.DTG=
C:\Program Files (x86)\ipi2win\DTG\EGIPT1.DTG=
C:\Program Files (x86)\ipi2win\DTG\DEM_DU.DAT=
C:\Program Files (x86)\ipi2win\DTG\DEM_DU.DTN=
C:\Program Files (x86)\ipi2win\DTG\DEM_DU.ROK=
C:\Program Files (x86)\ipi2win\DTG\DEM_DUI.DAT=
C:\Program Files (x86)\ipi2win\DTG\DEM_DUI.DTN=
C:\Program Files (x86)\ipi2win\DTG\DEM_DUI.ROK=
C:\Program Files (x86)\ipi2win\DTG\WEST.DTG=
C:\Program Files (x86)\ipi2win\DTG\WEST.DAT=
C:\Program Files (x86)\ipi2win\DTG\WEST.DTN=

[Shortcuts]
C:\Users\Kappa\AppData\Roaming\Microsoft\Windows\Start Menu\Programs\IPI2win\IPI2win (Lite).lnk=
C:\Users\Kappa\AppData\Roaming\Microsoft\Windows\Start Menu\Programs\IPI2win\IPI_res3 (Lite).lnk=
C:\Users\Kappa\AppData\Roaming\Microsoft\Windows\Start Menu\Programs\IPI2win\IPI_gate.lnk=
C:\Users\Kappa\AppData\Roaming\Microsoft\Windows\Start Menu\Programs\IPI2win\Manual.lnk=
C:\Users\Kappa\AppData\Roaming\Microsoft\Windows\Start Menu\Programs\IPI2win\Uninstall IPI2win.lnk=

